C51 COMPILER V9.56.0.0   51_UART_SEND                                                      06/09/2017 17:51:16 PAGE 1   


C51 COMPILER V9.56.0.0, COMPILATION OF MODULE 51_UART_SEND
OBJECT MODULE PLACED IN .\Objects\51_uart_send.obj
COMPILER INVOKED BY: D:\软件\KEIL 5\C51\BIN\C51.EXE 51_uart_send.c OPTIMIZE(8,SPEED) BROWSE DEBUG OBJECTEXTEND PRINT(.\L
                    -istings\51_uart_send.lst) OBJECT(.\Objects\51_uart_send.obj)

line level    source

   1          
   2          /********************************************************************
   3          文件名  ： 串口发送试验.c
   4          作者    ： 陈志同  刘晓哲  张紫豪
   5          时间    ： 2017年5月29日
   6           描述    :  该文件实现通过串口把数据从单片机发送到单片机，实现单片机之间的通讯。
   7          ***********************************************************************/
   8          
   9          #include<stc15.h>
  10          #include<intrins.h>
  11          
  12          void send_1(unsigned char p)
  13          {
  14   1          S3BUF = p;
  15   1          while(!(S3CON & 0x02)){  //如果发送完毕，硬件会置位S3TI
  16   2            _nop_();   
  17   2          }
  18   1          S3CON &= 0xFD;  //S3TI清零  
  19   1      }


MODULE INFORMATION:   STATIC OVERLAYABLE
   CODE SIZE        =     14    ----
   CONSTANT SIZE    =   ----    ----
   XDATA SIZE       =   ----    ----
   PDATA SIZE       =   ----    ----
   DATA SIZE        =   ----    ----
   IDATA SIZE       =   ----    ----
   BIT SIZE         =   ----    ----
END OF MODULE INFORMATION.


C51 COMPILATION COMPLETE.  0 WARNING(S),  0 ERROR(S)
