C51 COMPILER V9.56.0.0   MAIN                                                              06/04/2018 19:10:37 PAGE 1   


C51 COMPILER V9.56.0.0, COMPILATION OF MODULE MAIN
OBJECT MODULE PLACED IN main.OBJ
COMPILER INVOKED BY: D:\软件\KEIL 5\C51\BIN\C51.EXE main.c OPTIMIZE(8,SPEED) BROWSE DEBUG OBJECTEXTEND

line level    source

   1          
   2          /**************************************************************
   3              文件名：餐厅无线呼叫系统主函数
   4                作者：陈志同  刘晓哲  张紫豪
   5            编写时间：2017年5月30日
   6          **************************************************************/
   7          
   8          #include <stc15.h>
   9          #include <intrins.h>
  10          #include <stdlib.h>
  11          #include <string.h> 
  12          
  13          #define uint  unsigned int 
  14          #define uchar unsigned char
  15          
  16          
  17          extern uchar uart_receive_buffer[30];  //从串口接收的数据
  18          extern uchar uart_receive_number;    //指示串口接收个数
  19          extern uchar num;
  20          extern uchar k;
  21          
  22          extern void lcd_init();
  23          extern void delay_1ms(uint x);
  24          extern void voice_all();
  25          extern void display() reentrant;
  26          extern void send(unsigned char p);
  27          extern void lcd_write(unsigned char line, unsigned char code * dis) reentrant;
  28          void C51_Init(void);
  29          
  30          char code a[] = {"                \0"};
  31          
  32          void main()
  33          {
  34   1              P02 = 0;
  35   1              C51_Init();
  36   1              
  37   1              lcd_init();
  38   1              while(1)
  39   1              {
  40   2                      display();
  41   2                      voice_all();            
  42   2              }
  43   1      }
  44          
  45          void INT0_ISR() interrupt 0
  46          {
  47   1              if(P32 == 0)
  48   1              {
  49   2                      delay_1ms(30);
  50   2                      if(P32 == 0)
  51   2                      {
  52   3                              char i = 0;
  53   3                              EX0 = 0;
  54   3                              if(uart_receive_number)
  55   3                              {
C51 COMPILER V9.56.0.0   MAIN                                                              06/04/2018 19:10:37 PAGE 2   

  56   4                                      P02 = 1;
  57   4                                      delay_1ms(1000);
  58   4                                      P02 = 0;
  59   4                                      lcd_write(2,a);
  60   4                                      lcd_write(3,a);
  61   4                                      lcd_write(4,a);
  62   4                                      send(uart_receive_buffer[0]);
  63   4                                      for (; i < uart_receive_number; i++)
  64   4                                      {
  65   5                                              uart_receive_buffer[i] = uart_receive_buffer[i + 1];
  66   5                                      }
  67   4                                      uart_receive_number--;  
  68   4                                      display();
  69   4                              }
  70   3                              EX0 = 1;                        
  71   3                      }
  72   2                      while(!P32);
  73   2              }
  74   1      
  75   1      }
  76          
  77          void C51_Init(void)
  78          {
  79   1              //Uart_2
  80   1              S2CON = 0x50;   
  81   1              AUXR |= 0x04;   
  82   1              T2L = 0xE0;             
  83   1              T2H = 0xFE;             
  84   1              AUXR |= 0x10;
  85   1              IE2  = 0x01;
  86   1              IP2 = 0x01;
  87   1              //Uart_3
  88   1              S3CON = 0x10;   
  89   1              S3CON |= 0x40;  
  90   1              T4T3M |= 0x02;  
  91   1              T3L = 0xE0;             
  92   1              T3H = 0xFE;             
  93   1              T4T3M |= 0x08;                           
  94   1              EA = 1;
  95   1              //INT0
  96   1              IT0 = 1;
  97   1              EX0 = 1;        
  98   1      }
  99          
 100          
 101          
 102          


MODULE INFORMATION:   STATIC OVERLAYABLE
   CODE SIZE        =    229    ----
   CONSTANT SIZE    =     18    ----
   XDATA SIZE       =   ----    ----
   PDATA SIZE       =   ----    ----
   DATA SIZE        =   ----       1
   IDATA SIZE       =   ----    ----
   BIT SIZE         =   ----    ----
END OF MODULE INFORMATION.


C51 COMPILATION COMPLETE.  0 WARNING(S),  0 ERROR(S)
