C51 COMPILER V9.56.0.0   VOICE                                                             06/04/2018 19:10:37 PAGE 1   


C51 COMPILER V9.56.0.0, COMPILATION OF MODULE VOICE
OBJECT MODULE PLACED IN voice.OBJ
COMPILER INVOKED BY: D:\软件\KEIL 5\C51\BIN\C51.EXE voice.c OPTIMIZE(8,SPEED) BROWSE DEBUG OBJECTEXTEND

line level    source

   1          
   2          /**************************************************************
   3              文件名：语音模块函数
   4                作者：陈志同  刘晓哲  张紫豪
   5            编写时间：2017年5月29日
   6          可调用函数：  void  voice(char code *text) 
   7          **************************************************************/
   8          
   9          
  10          #include <stc15.h>        
  11          #include <string.h> 
  12           
  13          void  voice(char code *text) 
  14          {    
  15   1      /****************需要发送的文本**********************************/ 
  16   1               unsigned  char  headOfFrame[5];
  17   1               unsigned  char  length;  
  18   1               unsigned  char  ecc  = 0;              //定义校验字节
  19   1               unsigned  int i=0; 
  20   1               length = strlen(text);                 //需要发送文本的长度
  21   1       
  22   1      /*****************发送过程**************************************/           
  23   1               headOfFrame[0] = 0xFD ;             //构造帧头FD
  24   1               headOfFrame[1] = 0x00 ;             //构造数据区长度的高字节
  25   1               headOfFrame[2] = length + 3;         //构造数据区长度的低字节
  26   1               headOfFrame[3] = 0x01 ;             //构造命令字：合成播放命令
  27   1      /*****************带背景音乐**************************************/           
  28   1               headOfFrame[4] = 0x21 ;             //构造命令参数：编码格式为GBK
  29   1      
  30   1      /*****************不带背景音乐**************************************/           
  31   1              //headOfFrame[4] = 0x01 ;             //构造命令参数：编码格式为GBK
  32   1      
  33   1               for(i = 0; i<5; i++)                   //依次发送构造好的5个帧头字节
  34   1               {  
  35   2                   ecc=ecc^(headOfFrame[i]);         //对发送的字节进行异或校验    
  36   2                   S3BUF = headOfFrame[i]; 
  37   2                   while (!(S3CON & 0x02)) {;}               //等待发送中断标志位置位
  38   2                   S3CON &= 0xFD;                        //发送中断标志位清零
  39   2               }
  40   1      
  41   1                  for(i = 0; i<length; i++)           //依次发送待合成的文本数据
  42   1               {  
  43   2                   ecc=ecc^(text[i]);                 //对发送的字节进行异或校验    
  44   2                   S3BUF = text[i]; 
  45   2                   while (!(S3CON & 0x02)) {;} 
  46   2                   S3CON &= 0xFD;                
  47   2               }
  48   1      
  49   1                 S3BUF=ecc;                            //最后发送校验字节
  50   1                 while (!(S3CON & 0x02)) {;} 
  51   1                         S3CON &= 0xFD;   
  52   1              
  53   1      }


C51 COMPILER V9.56.0.0   VOICE                                                             06/04/2018 19:10:37 PAGE 2   

MODULE INFORMATION:   STATIC OVERLAYABLE
   CODE SIZE        =    124    ----
   CONSTANT SIZE    =   ----    ----
   XDATA SIZE       =   ----    ----
   PDATA SIZE       =   ----    ----
   DATA SIZE        =   ----       8
   IDATA SIZE       =   ----    ----
   BIT SIZE         =   ----    ----
END OF MODULE INFORMATION.


C51 COMPILATION COMPLETE.  0 WARNING(S),  0 ERROR(S)
