C51 COMPILER V9.56.0.0   MAIN                                                              06/09/2017 18:40:14 PAGE 1   


C51 COMPILER V9.56.0.0, COMPILATION OF MODULE MAIN
OBJECT MODULE PLACED IN .\Objects\main.obj
COMPILER INVOKED BY: D:\软件\KEIL 5\C51\BIN\C51.EXE main.c OPTIMIZE(8,SPEED) BROWSE DEBUG OBJECTEXTEND PRINT(.\Listings\
                    -main.lst) OBJECT(.\Objects\main.obj)

line level    source

   1          #include <stc15.h>
   2          #include <intrins.h>
   3          #include <stdlib.h>
   4          #include <string.h> 
   5          
   6          #define uint  unsigned int 
   7          #define uchar unsigned char
   8          
   9          extern uchar uart_receive_buffer[30];  //从串口接收的数据
  10          extern uchar uart_receive_number;      //指示串口接收个数
  11          extern uchar num;
  12          
  13          extern void UartInit_1(void);          //串口3初始化函数声明
  14          extern void delay_1ms(uint x);         //延时初始化声明
  15          extern void receive();                             //接收函数声明
  16          extern void send_1(unsigned char p);                               //发送函数声明
  17          
  18          void main()
  19          {
  20   1              UartInit_1();
  21   1              P0M0=0;
  22   1              P0M1=0;
  23   1              while(1)
  24   1              {
  25   2                      if(P03 == 0)                     //3号桌点餐
  26   2                      {
  27   3                              delay_1ms(30);
  28   3                              if(P03 == 0)
  29   3                              {
  30   4                                      P07=0;
  31   4                                      send_1(3);
  32   4                                      while(!P03);
  33   4                              }
  34   3                      }
  35   2                      
  36   2                      if(P04 == 0)                                    //3号桌酒水
  37   2                      {
  38   3                              delay_1ms(30);
  39   3                              if(P04 == 0)
  40   3                              {
  41   4                                      P07=0;
  42   4                                      send_1(4);
  43   4                                      while(!P04);
  44   4                              }
  45   3                      }
  46   2      
  47   2                      if(P05 == 0)                                    //3号桌催菜
  48   2                      {
  49   3                              delay_1ms(30);
  50   3                              if(P05 == 0)
  51   3                              {
  52   4                                      P07=0;
  53   4                                      send_1(5);
  54   4                                      while(!P05);
C51 COMPILER V9.56.0.0   MAIN                                                              06/09/2017 18:40:14 PAGE 2   

  55   4                              }
  56   3                      }
  57   2      
  58   2                      if(P06 == 0)                                    //3号桌买单
  59   2                      {
  60   3                              delay_1ms(30);
  61   3                              if(P06 == 0)
  62   3                              {
  63   4                                      P04=0;
  64   4                                      send_1(6);
  65   4                                      while(!P06);
  66   4                              }
  67   3                      }       
  68   2                      
  69   2                      receive();
  70   2              }
  71   1      }
  72          void delay_1ms(uint x)  //1ms延时函数
  73          {
  74   1              uint a,b;
  75   1              for(a=0;a<x;a++)
  76   1              {
  77   2                      b=0;
  78   2                      while(b<200)
  79   2                      {
  80   3                              _nop_();
  81   3                              b++;
  82   3                      }
  83   2              }
  84   1      }
  85          


MODULE INFORMATION:   STATIC OVERLAYABLE
   CODE SIZE        =    126    ----
   CONSTANT SIZE    =   ----    ----
   XDATA SIZE       =   ----    ----
   PDATA SIZE       =   ----    ----
   DATA SIZE        =   ----    ----
   IDATA SIZE       =   ----    ----
   BIT SIZE         =   ----    ----
END OF MODULE INFORMATION.


C51 COMPILATION COMPLETE.  0 WARNING(S),  0 ERROR(S)
