C51 COMPILER V9.56.0.0   MAIN                                                              06/09/2017 17:55:11 PAGE 1   


C51 COMPILER V9.56.0.0, COMPILATION OF MODULE MAIN
OBJECT MODULE PLACED IN .\Objects\main.obj
COMPILER INVOKED BY: D:\软件\KEIL 5\C51\BIN\C51.EXE main.c OPTIMIZE(8,SPEED) BROWSE DEBUG OBJECTEXTEND PRINT(.\Listings\
                    -main.lst) OBJECT(.\Objects\main.obj)

line level    source

   1          #include <stc15.h>
   2          #include <intrins.h>
   3          #include <stdlib.h>
   4          #include <string.h> 
   5          
   6          #define uint  unsigned int 
   7          #define uchar unsigned char
   8          
   9          extern uchar uart_receive_buffer[30];  //从串口接收的数据
  10          extern uchar uart_receive_number;      //指示串口接收个数
  11          extern uchar num;
  12          
  13          extern void UartInit_1(void);          //串口3初始化函数声明
  14          extern void delay_1ms(uint x);         //延时初始化声明
  15          extern void receive();                             //接收函数声明
  16          extern void send_1(unsigned char p);                               //发送函数声明
  17          
  18          void main()
  19          {
  20   1              UartInit_1();
  21   1              P0M0=0;
  22   1              P0M1=0;
  23   1              while(1)
  24   1              {
  25   2                      if(P06 == 0)
  26   2                      {
  27   3                              delay_1ms(30);
  28   3                              if(P06 == 0)
  29   3                              {
  30   4                                      P04=0;
  31   4                                      send_1(2);
  32   4                                      while(!P06);
  33   4                              }
  34   3                      }
  35   2                      receive();
  36   2              }
  37   1      }
  38          void delay_1ms(uint x)  //1ms延时函数
  39          {
  40   1              uint a,b;
  41   1              for(a=0;a<x;a++)
  42   1              {
  43   2                      b=0;
  44   2                      while(b<200)
  45   2                      {
  46   3                              _nop_();
  47   3                              b++;
  48   3                      }
  49   2              }
  50   1      }
  51          


MODULE INFORMATION:   STATIC OVERLAYABLE
C51 COMPILER V9.56.0.0   MAIN                                                              06/09/2017 17:55:11 PAGE 2   

   CODE SIZE        =     69    ----
   CONSTANT SIZE    =   ----    ----
   XDATA SIZE       =   ----    ----
   PDATA SIZE       =   ----    ----
   DATA SIZE        =   ----    ----
   IDATA SIZE       =   ----    ----
   BIT SIZE         =   ----    ----
END OF MODULE INFORMATION.


C51 COMPILATION COMPLETE.  0 WARNING(S),  0 ERROR(S)
